<?xml version="1.0" encoding="UTF-8" ?>
<testsuite errors="0" failures="0" hostname="MSI" name="roaming.src.roamingcollection.BarricadeTest" skipped="0" tests="6" time="0.167" timestamp="2024-04-05T07:54:06">
  <properties>
[...]
</properties>
  <testcase classname="roaming.src.roamingcollection.BarricadeTest" name="testPutWithStateVar" time="0.058" />
  <testcase classname="roaming.src.roamingcollection.BarricadeTest" name="testCorrectStringRepresentation" time="0.024" />
  <testcase classname="roaming.src.roamingcollection.BarricadeTest" name="testCorrectSize" time="0.002" />
  <testcase classname="roaming.src.roamingcollection.BarricadeTest" name="testCorrectEntrySet" time="0.0" />
  <testcase classname="roaming.src.roamingcollection.BarricadeTest" name="testGetWithStateVar" time="0.002" />
  <testcase classname="roaming.src.roamingcollection.BarricadeTest" name="testCorrectKeySet" time="0.001" />
  <system-out><![CDATA[]]></system-out>
  <system-err><![CDATA[Apr 05, 2024 3:54:06 AM roaming.src.roamingcollection.Barricade correctStringRepresentation
WARNING: toString method of RoamingMap returned incorrect value; correct value was used instead
Apr 05, 2024 3:54:06 AM roaming.src.roamingcollection.Barricade correctSize
WARNING: size method of RoamingMap returned incorrect value; correct value was used instead
Apr 05, 2024 3:54:06 AM roaming.src.roamingcollection.Barricade getWithStateVar
WARNING: get method of RoamingMap returned incorrect value; correct value was used instead
]]></system-err>
</testsuite>
