<?xml version="1.0" encoding="UTF-8" ?>
<testsuites>
  <testsuite errors="0" failures="0" hostname="MSI" id="0" name="BarricadeTest" package="roaming.src.roamingcollection" skipped="0" tests="6" time="0.167" timestamp="2024-04-05T07:54:06">
      <properties>
[...]
</properties>

      <testcase classname="roaming.src.roamingcollection.BarricadeTest" name="testPutWithStateVar" time="0.058" />

      <testcase classname="roaming.src.roamingcollection.BarricadeTest" name="testCorrectStringRepresentation" time="0.024" />

      <testcase classname="roaming.src.roamingcollection.BarricadeTest" name="testCorrectSize" time="0.002" />

      <testcase classname="roaming.src.roamingcollection.BarricadeTest" name="testCorrectEntrySet" time="0.0" />

      <testcase classname="roaming.src.roamingcollection.BarricadeTest" name="testGetWithStateVar" time="0.002" />

      <testcase classname="roaming.src.roamingcollection.BarricadeTest" name="testCorrectKeySet" time="0.001" />

      <system-out><![CDATA[]]></system-out>

      <system-err><![CDATA[Apr 05, 2024 3:54:06 AM roaming.src.roamingcollection.Barricade correctStringRepresentation
WARNING: toString method of RoamingMap returned incorrect value; correct value was used instead
Apr 05, 2024 3:54:06 AM roaming.src.roamingcollection.Barricade correctSize
WARNING: size method of RoamingMap returned incorrect value; correct value was used instead
Apr 05, 2024 3:54:06 AM roaming.src.roamingcollection.Barricade getWithStateVar
WARNING: get method of RoamingMap returned incorrect value; correct value was used instead
]]></system-err>

  </testsuite>
  <testsuite errors="1" failures="0" hostname="MSI" id="1" name="MatrixMap$Test" package="roaming.src.roamingcollection" skipped="0" tests="1" time="0.072" timestamp="2024-04-05T07:54:07">
      <properties>
[...]
</properties>

      <testcase classname="roaming.src.roamingcollection.MatrixMap$Test" name="initializationError" time="0.007">
          <error message="Invalid test class &apos;roaming.src.roamingcollection.MatrixMap$Test&apos;:&#xa;  1. The class roaming.src.roamingcollection.MatrixMap$Test is not public.&#xa;  2. The inner class roaming.src.roamingcollection.MatrixMap$Test is not static.&#xa;  3. Test class should have exactly one public constructor&#xa;  4. No runnable methods" type="org.junit.runners.model.InvalidTestClassError">org.junit.runners.model.InvalidTestClassError: Invalid test class &apos;roaming.src.roamingcollection.MatrixMap$Test&apos;:
  1. The class roaming.src.roamingcollection.MatrixMap$Test is not public.
  2. The inner class roaming.src.roamingcollection.MatrixMap$Test is not static.
  3. Test class should have exactly one public constructor
  4. No runnable methods
	at org.junit.runners.ParentRunner.validate(ParentRunner.java:525)
	at org.junit.runners.ParentRunner.&lt;init&gt;(ParentRunner.java:102)
	at org.junit.runners.BlockJUnit4ClassRunner.&lt;init&gt;(BlockJUnit4ClassRunner.java:84)
	at org.junit.runners.JUnit4.&lt;init&gt;(JUnit4.java:23)
	at org.junit.internal.builders.JUnit4Builder.runnerForClass(JUnit4Builder.java:10)
	at org.junit.runners.model.RunnerBuilder.safeRunnerForClass(RunnerBuilder.java:70)
	at org.junit.internal.builders.AllDefaultPossibilitiesBuilder.runnerForClass(AllDefaultPossibilitiesBuilder.java:37)
	at org.junit.runners.model.RunnerBuilder.safeRunnerForClass(RunnerBuilder.java:70)
	at org.junit.internal.requests.ClassRequest.createRunner(ClassRequest.java:28)
	at org.junit.internal.requests.MemoizingRequest.getRunner(MemoizingRequest.java:19)
	at junit.framework.JUnit4TestAdapter.&lt;init&gt;(JUnit4TestAdapter.java:42)
	at java.base/jdk.internal.reflect.DirectConstructorHandleAccessor.newInstance(DirectConstructorHandleAccessor.java:62)
	at java.base/java.lang.reflect.Constructor.newInstanceWithCaller(Constructor.java:502)
	at java.base/java.lang.reflect.Constructor.newInstance(Constructor.java:486)
	at org.apache.tools.ant.taskdefs.optional.junit.JUnitTestRunner.run(JUnitTestRunner.java:497)
	at org.apache.tools.ant.taskdefs.optional.junit.JUnitTestRunner.launch(JUnitTestRunner.java:1197)
	at org.apache.tools.ant.taskdefs.optional.junit.JUnitTestRunner.main(JUnitTestRunner.java:1042)
</error>

      </testcase>

      <system-out><![CDATA[]]></system-out>

      <system-err><![CDATA[]]></system-err>

  </testsuite>
  <testsuite errors="0" failures="0" hostname="MSI" id="2" name="MatrixMapTest" package="roaming.src.roamingcollection" skipped="0" tests="10" time="0.211" timestamp="2024-04-05T07:54:07">
      <properties>
[...]
</properties>

      <testcase classname="roaming.src.roamingcollection.MatrixMapTest" name="instanceRowColTest" time="0.079" />

      <testcase classname="roaming.src.roamingcollection.MatrixMapTest" name="fromTest" time="0.003" />

      <testcase classname="roaming.src.roamingcollection.MatrixMapTest" name="valueTest" time="0.002" />

      <testcase classname="roaming.src.roamingcollection.MatrixMapTest" name="buildMatrixTest" time="0.003" />

      <testcase classname="roaming.src.roamingcollection.MatrixMapTest" name="identityTest" time="0.002" />

      <testcase classname="roaming.src.roamingcollection.MatrixMapTest" name="constantTest" time="0.001" />

      <testcase classname="roaming.src.roamingcollection.MatrixMapTest" name="toStringTest" time="0.034" />

      <testcase classname="roaming.src.roamingcollection.MatrixMapTest" name="sizeTest" time="0.001" />

      <testcase classname="roaming.src.roamingcollection.MatrixMapTest" name="instantSizeTest" time="0.001" />

      <testcase classname="roaming.src.roamingcollection.MatrixMapTest" name="requireNonEmptyTest" time="0.001" />

      <system-out><![CDATA[]]></system-out>

      <system-err><![CDATA[Apr 05, 2024 3:54:08 AM roaming.src.roamingcollection.Barricade correctStringRepresentation
WARNING: toString method of RoamingMap returned incorrect value; correct value was used instead
]]></system-err>

  </testsuite>
</testsuites>
